#
# A fatal error has been detected by the Java Runtime Environment:
#
#  EXCEPTION_ACCESS_VIOLATION (0xc0000005) at pc=0x00007ff9fa00dd33, pid=10472, tid=17800
#
# JRE version: Java(TM) SE Runtime Environment (17.0.12+8) (build 17.0.12+8-LTS-286)
# Java VM: Java HotSpot(TM) 64-Bit Server VM (17.0.12+8-LTS-286, mixed mode, sharing, tiered, compressed oops, compressed class ptrs, g1 gc, windows-amd64)
# Problematic frame:
# V  [jvm.dll+0x21dd33]
#
# No core dump will be written. Minidumps are not enabled by default on client versions of Windows
#
# If you would like to submit a bug report, please visit:
#   https://bugreport.java.com/bugreport/crash.jsp
#

---------------  S U M M A R Y ------------

Command Line: -Ddebug.internal.errors=true -Ddebug.semantic.errors=false -Ddebug.completion.statistics=false -Dlwc.typegeneration.disabled=true apex.jorje.lsp.ApexLanguageServerLauncher

Host: Intel(R) Core(TM) i7-8665U CPU @ 1.90GHz, 8 cores, 31G,  Windows 10 , 64 bit Build 19041 (10.0.19041.5072)
Time: Tue Nov 26 16:04:12 2024  Windows 10 , 64 bit Build 19041 (10.0.19041.5072) elapsed time: 11.742149 seconds (0d 0h 0m 11s)

---------------  T H R E A D  ---------------

Current thread (0x0000016628de9130):  JavaThread "C2 CompilerThread2" daemon [_thread_in_native, id=17800, stack(0x0000000ac1400000,0x0000000ac1500000)]


Current CompileTask:
C2:  11742 3813   !   4       jdk.internal.loader.BuiltinClassLoader::loadClassOrNull (143 bytes)

Stack: [0x0000000ac1400000,0x0000000ac1500000],  sp=0x0000000ac14fd610,  free space=1013k
Native frames: (J=compiled Java code, j=interpreted, Vv=VM code, C=native code)
V  [jvm.dll+0x21dd33]
V  [jvm.dll+0x69d341]
V  [jvm.dll+0x21ea37]
V  [jvm.dll+0x215917]
V  [jvm.dll+0x1a2960]
V  [jvm.dll+0x22610b]
V  [jvm.dll+0x2242ab]
V  [jvm.dll+0x79075c]
V  [jvm.dll+0x78abea]
V  [jvm.dll+0x678f35]
C  [ucrtbase.dll+0x21bb2]
C  [KERNEL32.DLL+0x17374]
C  [ntdll.dll+0x4cc91]


siginfo: EXCEPTION_ACCESS_VIOLATION (0xc0000005), reading address 0x0000000000000100


Registers:
RAX=0x000001662b001958, RBX=0x0000000ac14fd6c0, RCX=0x0000000000002000, RDX=0x00000166295f6768
RSP=0x0000000ac14fd610, RBP=0x0000000ac14fdc40, RSI=0x000000000000050f, RDI=0x0000000000000100
R8 =0x0000000000080000, R9 =0x00000000000000e0, R10=0x00007ffa64740000, R11=0x00007ffa64741b61
R12=0x0000000000000004, R13=0x000001662b001770, R14=0x00000000000000e0, R15=0x0000000000000013
RIP=0x00007ff9fa00dd33, EFLAGS=0x0000000000010246


Register to memory mapping:

RIP=0x00007ff9fa00dd33 jvm.dll
RAX=0x000001662b001958 points into unknown readable memory: 0x000001662b0015c0 | c0 15 00 2b 66 01 00 00
RBX=0x0000000ac14fd6c0 is pointing into the stack for thread: 0x0000016628de9130
RCX=0x0000000000002000 is an unknown value
RDX=0x00000166295f6768 points into unknown readable memory: 0xe200000000082000 | 00 20 08 00 00 00 00 e2
RSP=0x0000000ac14fd610 is pointing into the stack for thread: 0x0000016628de9130
RBP=0x0000000ac14fdc40 is pointing into the stack for thread: 0x0000016628de9130
RSI=0x000000000000050f is an unknown value
RDI=0x0000000000000100 is an unknown value
R8 =0x0000000000080000 is an unknown value
R9 =0x00000000000000e0 is an unknown value
R10=0x00007ffa64740000 VCRUNTIME140.dll
R11=0x00007ffa64741b61 VCRUNTIME140.dll
R12=0x0000000000000004 is an unknown value
R13=0x000001662b001770 points into unknown readable memory: 0x00007ff9fa6c1d58 | 58 1d 6c fa f9 7f 00 00
R14=0x00000000000000e0 is an unknown value
R15=0x0000000000000013 is an unknown value


Top of Stack: (sp=0x0000000ac14fd610)
0x0000000ac14fd610:   0000000ac14fd6c0 0000000ac14fdc40
0x0000000ac14fd620:   0000000ac14fec20 0000000000004587
0x0000000ac14fd630:   00000165e2dac140 0000000ac14fd6b0
0x0000000ac14fd640:   0000000ac14fe1d0 00000166293de3e0
0x0000000ac14fd650:   0000000ac14fec20 00007ff9fa48d341
0x0000000ac14fd660:   0000000a00000315 0000000ac14fdc40
0x0000000ac14fd670:   00000165e2daf6a8 0000000000040298
0x0000000ac14fd680:   0000000000000001 00007ff9fa00ea37
0x0000000ac14fd690:   0000000ac14fec20 00000165e2da76c0
0x0000000ac14fd6a0:   00000166293de3e0 0000016628c93bf0
0x0000000ac14fd6b0:   0000016600000002 0000000ac14fec20
0x0000000ac14fd6c0:   0000016628c93bf0 0000016600008000
0x0000000ac14fd6d0:   000001662a497020 00007ff900000510
0x0000000ac14fd6e0:   0000000a00000400 00000166295f6760
0x0000000ac14fd6f0:   0000000000000400 0000016628c93bf0
0x0000000ac14fd700:   0000016500000000 00000165e2c2df28 

Instructions: (pc=0x00007ff9fa00dd33)
0x00007ff9fa00dc33:   69 52 e8 ff 41 8b c6 48 f7 d8 4d 8d 3c c7 4c 3b
0x00007ff9fa00dc43:   fe 0f 83 26 fe ff ff 4c 8b 74 24 30 4c 8b 64 24
0x00007ff9fa00dc53:   38 48 8b 7c 24 40 48 8b ac 24 80 00 00 00 48 83
0x00007ff9fa00dc63:   c4 48 41 5f 41 5d 5e 5b c3 cc cc cc cc 40 53 56
0x00007ff9fa00dc73:   57 48 83 ec 30 8b b9 40 02 00 00 48 8b da 2b b9
0x00007ff9fa00dc83:   68 02 00 00 48 8b f1 3b 7a 08 72 0a 8b d7 48 8b
0x00007ff9fa00dc93:   cb e8 57 b1 43 00 48 8b 43 10 48 c7 04 f8 00 00
0x00007ff9fa00dca3:   00 00 48 8b 96 d0 02 00 00 48 85 d2 74 08 48 8b
0x00007ff9fa00dcb3:   cb e8 e7 51 e8 ff 48 8b 96 d8 02 00 00 48 85 d2
0x00007ff9fa00dcc3:   74 08 48 8b cb e8 d3 51 e8 ff 33 c0 89 44 24 50
0x00007ff9fa00dcd3:   39 43 18 0f 86 f8 00 00 00 48 89 6c 24 58 4c 89
0x00007ff9fa00dce3:   64 24 60 4c 89 6c 24 68 4c 89 74 24 28 4c 89 7c
0x00007ff9fa00dcf3:   24 20 66 66 66 0f 1f 84 00 00 00 00 00 8b c8 48
0x00007ff9fa00dd03:   8b 43 10 4c 8b 2c c8 41 8b 45 1c 85 c0 0f 84 92
0x00007ff9fa00dd13:   00 00 00 45 33 f6 44 8b e0 0f 1f 40 00 49 8b 45
0x00007ff9fa00dd23:   08 49 8b 3c 06 48 85 ff 74 6d 40 f6 c7 01 75 67
0x00007ff9fa00dd33:   48 83 3f fe 74 61 44 8b 7f 28 41 8b f7 c1 ee 05
0x00007ff9fa00dd43:   3b 73 20 72 0b 8b d6 48 8d 4b 20 e8 2d 66 5a 00
0x00007ff9fa00dd53:   48 8b 43 28 41 83 e7 1f 48 8d 14 b0 41 0f b6 cf
0x00007ff9fa00dd63:   41 b8 01 00 00 00 41 d3 e0 8b 0a 8b c1 41 0b c0
0x00007ff9fa00dd73:   89 02 41 85 c8 75 20 8b 73 18 8d 46 01 89 43 18
0x00007ff9fa00dd83:   3b 73 08 72 0a 8b d6 48 8b cb e8 5e b0 43 00 48
0x00007ff9fa00dd93:   8b 43 10 48 89 3c f0 49 83 c6 08 49 83 ec 01 0f
0x00007ff9fa00dda3:   85 78 ff ff ff 8b 44 24 50 ff c0 89 44 24 50 3b
0x00007ff9fa00ddb3:   43 18 0f 82 45 ff ff ff 4c 8b 7c 24 20 4c 8b 74
0x00007ff9fa00ddc3:   24 28 4c 8b 6c 24 68 4c 8b 64 24 60 48 8b 6c 24
0x00007ff9fa00ddd3:   58 48 83 c4 30 5f 5e 5b c3 cc cc cc cc 40 53 48
0x00007ff9fa00dde3:   83 ec 20 48 8b 81 e0 02 00 00 48 8b d9 48 85 c0
0x00007ff9fa00ddf3:   75 76 48 8b 81 d0 02 00 00 48 8b 48 10 8b 40 20
0x00007ff9fa00de03:   4c 8d 04 c1 49 3b c8 73 1a 0f 1f 40 00 48 8b 11
0x00007ff9fa00de13:   8b 42 2c 83 e0 0f 3c 09 74 2e 48 83 c1 08 49 3b
0x00007ff9fa00de23:   c8 72 ea 4c 8d 0d 6b 73 6c 00 41 b8 3f 04 00 00 


Stack slot to memory mapping:
stack at sp + 0 slots: 0x0000000ac14fd6c0 is pointing into the stack for thread: 0x0000016628de9130
stack at sp + 1 slots: 0x0000000ac14fdc40 is pointing into the stack for thread: 0x0000016628de9130
stack at sp + 2 slots: 0x0000000ac14fec20 is pointing into the stack for thread: 0x0000016628de9130
stack at sp + 3 slots: 0x0000000000004587 is an unknown value
stack at sp + 4 slots: 0x00000165e2dac140 points into unknown readable memory: 0x0000000000000000 | 00 00 00 00 00 00 00 00
stack at sp + 5 slots: 0x0000000ac14fd6b0 is pointing into the stack for thread: 0x0000016628de9130
stack at sp + 6 slots: 0x0000000ac14fe1d0 is pointing into the stack for thread: 0x0000016628de9130
stack at sp + 7 slots: 0x00000166293de3e0 points into unknown readable memory: 0x0000000000000000 | 00 00 00 00 00 00 00 00


---------------  P R O C E S S  ---------------

Threads class SMR info:
_java_thread_list=0x000001662942ef10, length=22, elements={
0x00000165e2bcbed0, 0x00000165e2bccd50, 0x00000165e2be5470, 0x00000165e2be7f40,
0x00000165e2be8900, 0x00000165e2be9ad0, 0x00000165e2bea870, 0x00000165e2beb320,
0x00000165e2bedd30, 0x00000165e2d25110, 0x00000165e2d4d7e0, 0x0000016629230be0,
0x00000165b66d9860, 0x000001662931a8c0, 0x00000166295b80d0, 0x0000016628de9130,
0x00000166284a92c0, 0x00000166284a8390, 0x00000166284a97d0, 0x00000166284a9ce0,
0x00000166284a7460, 0x00000166284a7e80
}

Java Threads: ( => current thread )
  0x00000165e2bcbed0 JavaThread "Reference Handler" daemon [_thread_blocked, id=9080, stack(0x0000000ac0700000,0x0000000ac0800000)]
  0x00000165e2bccd50 JavaThread "Finalizer" daemon [_thread_blocked, id=5380, stack(0x0000000ac0800000,0x0000000ac0900000)]
  0x00000165e2be5470 JavaThread "Signal Dispatcher" daemon [_thread_blocked, id=13448, stack(0x0000000ac0900000,0x0000000ac0a00000)]
  0x00000165e2be7f40 JavaThread "Attach Listener" daemon [_thread_blocked, id=16424, stack(0x0000000ac0a00000,0x0000000ac0b00000)]
  0x00000165e2be8900 JavaThread "Service Thread" daemon [_thread_blocked, id=18616, stack(0x0000000ac0b00000,0x0000000ac0c00000)]
  0x00000165e2be9ad0 JavaThread "Monitor Deflation Thread" daemon [_thread_blocked, id=10836, stack(0x0000000ac0c00000,0x0000000ac0d00000)]
  0x00000165e2bea870 JavaThread "C2 CompilerThread0" daemon [_thread_in_native, id=2180, stack(0x0000000ac0d00000,0x0000000ac0e00000)]
  0x00000165e2beb320 JavaThread "C1 CompilerThread0" daemon [_thread_blocked, id=8944, stack(0x0000000ac0e00000,0x0000000ac0f00000)]
  0x00000165e2bedd30 JavaThread "Sweeper thread" daemon [_thread_blocked, id=15304, stack(0x0000000ac0f00000,0x0000000ac1000000)]
  0x00000165e2d25110 JavaThread "Notification Thread" daemon [_thread_blocked, id=16940, stack(0x0000000ac1000000,0x0000000ac1100000)]
  0x00000165e2d4d7e0 JavaThread "Common-Cleaner" daemon [_thread_blocked, id=11192, stack(0x0000000ac1200000,0x0000000ac1300000)]
  0x0000016629230be0 JavaThread "pool-1-thread-1" [_thread_in_native, id=4364, stack(0x0000000ac2200000,0x0000000ac2300000)]
  0x00000165b66d9860 JavaThread "DestroyJavaVM" [_thread_blocked, id=480, stack(0x0000000ac0000000,0x0000000ac0100000)]
  0x000001662931a8c0 JavaThread "DeadlockDetectionService" [_thread_blocked, id=15724, stack(0x0000000ac2400000,0x0000000ac2500000)]
  0x00000166295b80d0 JavaThread "C2 CompilerThread1" daemon [_thread_in_native, id=4184, stack(0x0000000ac1300000,0x0000000ac1400000)]
=>0x0000016628de9130 JavaThread "C2 CompilerThread2" daemon [_thread_in_native, id=17800, stack(0x0000000ac1400000,0x0000000ac1500000)]
  0x00000166284a92c0 JavaThread "ForkJoinPool.commonPool-worker-1" daemon [_thread_blocked, id=4984, stack(0x0000000ac2500000,0x0000000ac2600000)]
  0x00000166284a8390 JavaThread "ApexIndexer" [_thread_blocked, id=14380, stack(0x0000000ac2600000,0x0000000ac2700000)]
  0x00000166284a97d0 JavaThread "ForkJoinPool.commonPool-worker-2" daemon [_thread_blocked, id=11424, stack(0x0000000ac2700000,0x0000000ac2800000)]
  0x00000166284a9ce0 JavaThread "pool-1-thread-2" [_thread_blocked, id=17176, stack(0x0000000ac2300000,0x0000000ac2400000)]
  0x00000166284a7460 JavaThread "pool-1-thread-3" [_thread_in_Java, id=10128, stack(0x0000000ac2800000,0x0000000ac2900000)]
  0x00000166284a7e80 JavaThread "pool-1-thread-4" [_thread_blocked, id=17640, stack(0x0000000ac2900000,0x0000000ac2a00000)]

Other Threads:
  0x00000165e2bc71d0 VMThread "VM Thread" [stack: 0x0000000ac0600000,0x0000000ac0700000] [id=19384]
  0x00000165b679d180 WatcherThread [stack: 0x0000000ac1100000,0x0000000ac1200000] [id=4200]
  0x00000165b6782c40 GCTaskThread "GC Thread#0" [stack: 0x0000000ac0100000,0x0000000ac0200000] [id=5600]
  0x00000165e2fbec50 GCTaskThread "GC Thread#1" [stack: 0x0000000ac1500000,0x0000000ac1600000] [id=15440]
  0x0000016628273970 GCTaskThread "GC Thread#2" [stack: 0x0000000ac1600000,0x0000000ac1700000] [id=1120]
  0x0000016628144fe0 GCTaskThread "GC Thread#3" [stack: 0x0000000ac1700000,0x0000000ac1800000] [id=13640]
  0x00000166282cd9c0 GCTaskThread "GC Thread#4" [stack: 0x0000000ac1800000,0x0000000ac1900000] [id=19072]
  0x0000016628102060 GCTaskThread "GC Thread#5" [stack: 0x0000000ac1900000,0x0000000ac1a00000] [id=3624]
  0x00000166282cdc80 GCTaskThread "GC Thread#6" [stack: 0x0000000ac1a00000,0x0000000ac1b00000] [id=8204]
  0x00000166282cdf40 GCTaskThread "GC Thread#7" [stack: 0x0000000ac1b00000,0x0000000ac1c00000] [id=10540]
  0x00000165b6793a20 ConcurrentGCThread "G1 Main Marker" [stack: 0x0000000ac0200000,0x0000000ac0300000] [id=2668]
  0x00000165b6794430 ConcurrentGCThread "G1 Conc#0" [stack: 0x0000000ac0300000,0x0000000ac0400000] [id=11384]
  0x000001662b1086e0 ConcurrentGCThread "G1 Conc#1" [stack: 0x0000000ac2a00000,0x0000000ac2b00000] [id=15160]
  0x00000165e27522a0 ConcurrentGCThread "G1 Refine#0" [stack: 0x0000000ac0400000,0x0000000ac0500000] [id=13868]
  0x00000166284d0910 ConcurrentGCThread "G1 Refine#1" [stack: 0x0000000ac1c00000,0x0000000ac1d00000] [id=16168]
  0x00000165e2ecb6e0 ConcurrentGCThread "G1 Refine#2" [stack: 0x0000000ac1d00000,0x0000000ac1e00000] [id=18352]
  0x00000166281beb50 ConcurrentGCThread "G1 Refine#3" [stack: 0x0000000ac1e00000,0x0000000ac1f00000] [id=14044]
  0x0000016628228650 ConcurrentGCThread "G1 Refine#4" [stack: 0x0000000ac1f00000,0x0000000ac2000000] [id=10284]
  0x0000016628579f00 ConcurrentGCThread "G1 Refine#5" [stack: 0x0000000ac2000000,0x0000000ac2100000] [id=2296]
  0x00000166282a2200 ConcurrentGCThread "G1 Refine#6" [stack: 0x0000000ac2100000,0x0000000ac2200000] [id=6400]
  0x00000165e2752cd0 ConcurrentGCThread "G1 Service" [stack: 0x0000000ac0500000,0x0000000ac0600000] [id=3912]

Threads with active compile tasks:
C2 CompilerThread0    11776 3931       4       java.util.regex.Pattern::compile (500 bytes)
C2 CompilerThread1    11776 3769       4       java.lang.invoke.MethodType::makeImpl (109 bytes)
C2 CompilerThread2    11776 3813   !   4       jdk.internal.loader.BuiltinClassLoader::loadClassOrNull (143 bytes)

VM state: not at safepoint (normal execution)

VM Mutex/Monitor currently owned by a thread: None

Heap address: 0x0000000602c00000, size: 8148 MB, Compressed Oops mode: Zero based, Oop shift amount: 3

CDS archive(s) mapped at: [0x00000165e3000000-0x00000165e3bd0000-0x00000165e3bd0000), size 12386304, SharedBaseAddress: 0x00000165e3000000, ArchiveRelocationMode: 1.
Compressed class space mapped at: 0x00000165e4000000-0x0000016624000000, reserved size: 1073741824
Narrow klass base: 0x00000165e3000000, Narrow klass shift: 0, Narrow klass range: 0x100000000

GC Precious Log:
 CPUs: 8 total, 8 available
 Memory: 32582M
 Large Page Support: Disabled
 NUMA Support: Disabled
 Compressed Oops: Enabled (Zero based)
 Heap Region Size: 4M
 Heap Min Capacity: 8M
 Heap Initial Capacity: 512M
 Heap Max Capacity: 8148M
 Pre-touch: Disabled
 Parallel Workers: 8
 Concurrent Workers: 2
 Concurrent Refinement Workers: 8
 Periodic GC: Disabled

Heap:
 garbage-first heap   total 233472K, used 74254K [0x0000000602c00000, 0x0000000800000000)
  region size 4096K, 7 young (28672K), 3 survivors (12288K)
 Metaspace       used 24130K, committed 24448K, reserved 1114112K
  class space    used 3126K, committed 3264K, reserved 1048576K

Heap Regions: E=young(eden), S=young(survivor), O=old, HS=humongous(starts), HC=humongous(continues), CS=collection set, F=free, OA=open archive, CA=closed archive, TAMS=top-at-mark-start (previous, next)
|   0|0x0000000602c00000, 0x0000000603000000, 0x0000000603000000|100%| O|  |TAMS 0x0000000603000000, 0x0000000602c00000| Untracked 
|   1|0x0000000603000000, 0x0000000603400000, 0x0000000603400000|100%| O|  |TAMS 0x0000000603400000, 0x0000000603000000| Untracked 
|   2|0x0000000603400000, 0x0000000603800000, 0x0000000603800000|100%| O|  |TAMS 0x0000000603800000, 0x0000000603400000| Untracked 
|   3|0x0000000603800000, 0x0000000603800000, 0x0000000603c00000|  0%| F|  |TAMS 0x0000000603800000, 0x0000000603800000| Untracked 
|   4|0x0000000603c00000, 0x0000000604000000, 0x0000000604000000|100%| O|  |TAMS 0x0000000604000000, 0x0000000603c00000| Untracked 
|   5|0x0000000604000000, 0x0000000604400000, 0x0000000604400000|100%| O|  |TAMS 0x0000000604400000, 0x0000000604000000| Untracked 
|   6|0x0000000604400000, 0x0000000604800000, 0x0000000604800000|100%| O|  |TAMS 0x0000000604800000, 0x0000000604400000| Complete 
|   7|0x0000000604800000, 0x0000000604c00000, 0x0000000604c00000|100%| O|  |TAMS 0x0000000604c00000, 0x0000000604800000| Untracked 
|   8|0x0000000604c00000, 0x0000000605000000, 0x0000000605000000|100%| O|  |TAMS 0x0000000605000000, 0x0000000604c00000| Untracked 
|   9|0x0000000605000000, 0x0000000605400000, 0x0000000605400000|100%| O|  |TAMS 0x0000000605159400, 0x0000000605000000| Untracked 
|  10|0x0000000605400000, 0x0000000605800000, 0x0000000605800000|100%| O|  |TAMS 0x0000000605400000, 0x0000000605400000| Untracked 
|  11|0x0000000605800000, 0x0000000605c00000, 0x0000000605c00000|100%| O|  |TAMS 0x0000000605800000, 0x0000000605800000| Untracked 
|  12|0x0000000605c00000, 0x0000000606000000, 0x0000000606000000|100%| O|  |TAMS 0x0000000605c00000, 0x0000000605c00000| Untracked 
|  13|0x0000000606000000, 0x0000000606274a00, 0x0000000606400000| 61%| O|  |TAMS 0x0000000606000000, 0x0000000606000000| Untracked 
|  14|0x0000000606400000, 0x0000000606400000, 0x0000000606800000|  0%| F|  |TAMS 0x0000000606400000, 0x0000000606400000| Untracked 
|  15|0x0000000606800000, 0x0000000606800000, 0x0000000606c00000|  0%| F|  |TAMS 0x0000000606800000, 0x0000000606800000| Untracked 
|  16|0x0000000606c00000, 0x0000000606c00000, 0x0000000607000000|  0%| F|  |TAMS 0x0000000606c00000, 0x0000000606c00000| Untracked 
|  17|0x0000000607000000, 0x0000000607000000, 0x0000000607400000|  0%| F|  |TAMS 0x0000000607000000, 0x0000000607000000| Untracked 
|  18|0x0000000607400000, 0x0000000607400000, 0x0000000607800000|  0%| F|  |TAMS 0x0000000607400000, 0x0000000607400000| Untracked 
|  19|0x0000000607800000, 0x0000000607800000, 0x0000000607c00000|  0%| F|  |TAMS 0x0000000607800000, 0x0000000607800000| Untracked 
|  20|0x0000000607c00000, 0x0000000607c00000, 0x0000000608000000|  0%| F|  |TAMS 0x0000000607c00000, 0x0000000607c00000| Untracked 
|  21|0x0000000608000000, 0x0000000608000000, 0x0000000608400000|  0%| F|  |TAMS 0x0000000608000000, 0x0000000608000000| Untracked 
|  22|0x0000000608400000, 0x0000000608400000, 0x0000000608800000|  0%| F|  |TAMS 0x0000000608400000, 0x0000000608400000| Untracked 
|  23|0x0000000608800000, 0x0000000608800000, 0x0000000608c00000|  0%| F|  |TAMS 0x0000000608800000, 0x0000000608800000| Untracked 
|  24|0x0000000608c00000, 0x0000000608c00000, 0x0000000609000000|  0%| F|  |TAMS 0x0000000608c00000, 0x0000000608c00000| Untracked 
|  25|0x0000000609000000, 0x0000000609000000, 0x0000000609400000|  0%| F|  |TAMS 0x0000000609000000, 0x0000000609000000| Untracked 
|  26|0x0000000609400000, 0x0000000609400000, 0x0000000609800000|  0%| F|  |TAMS 0x0000000609400000, 0x0000000609400000| Untracked 
|  27|0x0000000609800000, 0x0000000609800000, 0x0000000609c00000|  0%| F|  |TAMS 0x0000000609800000, 0x0000000609800000| Untracked 
|  28|0x0000000609c00000, 0x0000000609c00000, 0x000000060a000000|  0%| F|  |TAMS 0x0000000609c00000, 0x0000000609c00000| Untracked 
|  29|0x000000060a000000, 0x000000060a000000, 0x000000060a400000|  0%| F|  |TAMS 0x000000060a000000, 0x000000060a000000| Untracked 
|  30|0x000000060a400000, 0x000000060a400000, 0x000000060a800000|  0%| F|  |TAMS 0x000000060a400000, 0x000000060a400000| Untracked 
|  31|0x000000060a800000, 0x000000060a800000, 0x000000060ac00000|  0%| F|  |TAMS 0x000000060a800000, 0x000000060a800000| Untracked 
|  32|0x000000060ac00000, 0x000000060ac00000, 0x000000060b000000|  0%| F|  |TAMS 0x000000060ac00000, 0x000000060ac00000| Untracked 
|  33|0x000000060b000000, 0x000000060b000000, 0x000000060b400000|  0%| F|  |TAMS 0x000000060b000000, 0x000000060b000000| Untracked 
|  34|0x000000060b400000, 0x000000060b400000, 0x000000060b800000|  0%| F|  |TAMS 0x000000060b400000, 0x000000060b400000| Untracked 
|  35|0x000000060b800000, 0x000000060b800000, 0x000000060bc00000|  0%| F|  |TAMS 0x000000060b800000, 0x000000060b800000| Untracked 
|  36|0x000000060bc00000, 0x000000060bc00000, 0x000000060c000000|  0%| F|  |TAMS 0x000000060bc00000, 0x000000060bc00000| Untracked 
|  37|0x000000060c000000, 0x000000060c000000, 0x000000060c400000|  0%| F|  |TAMS 0x000000060c000000, 0x000000060c000000| Untracked 
|  38|0x000000060c400000, 0x000000060c400000, 0x000000060c800000|  0%| F|  |TAMS 0x000000060c400000, 0x000000060c400000| Untracked 
|  39|0x000000060c800000, 0x000000060c800000, 0x000000060cc00000|  0%| F|  |TAMS 0x000000060c800000, 0x000000060c800000| Untracked 
|  40|0x000000060cc00000, 0x000000060cc00000, 0x000000060d000000|  0%| F|  |TAMS 0x000000060cc00000, 0x000000060cc00000| Untracked 
|  41|0x000000060d000000, 0x000000060d000000, 0x000000060d400000|  0%| F|  |TAMS 0x000000060d000000, 0x000000060d000000| Untracked 
|  42|0x000000060d400000, 0x000000060d400000, 0x000000060d800000|  0%| F|  |TAMS 0x000000060d400000, 0x000000060d400000| Untracked 
|  43|0x000000060d800000, 0x000000060d800000, 0x000000060dc00000|  0%| F|  |TAMS 0x000000060d800000, 0x000000060d800000| Untracked 
|  44|0x000000060dc00000, 0x000000060dc00000, 0x000000060e000000|  0%| F|  |TAMS 0x000000060dc00000, 0x000000060dc00000| Untracked 
|  45|0x000000060e000000, 0x000000060e000000, 0x000000060e400000|  0%| F|  |TAMS 0x000000060e000000, 0x000000060e000000| Untracked 
|  46|0x000000060e400000, 0x000000060e400000, 0x000000060e800000|  0%| F|  |TAMS 0x000000060e400000, 0x000000060e400000| Untracked 
|  47|0x000000060e800000, 0x000000060e800000, 0x000000060ec00000|  0%| F|  |TAMS 0x000000060e800000, 0x000000060e800000| Untracked 
|  48|0x000000060ec00000, 0x000000060ec00000, 0x000000060f000000|  0%| F|  |TAMS 0x000000060ec00000, 0x000000060ec00000| Untracked 
|  49|0x000000060f000000, 0x000000060f000000, 0x000000060f400000|  0%| F|  |TAMS 0x000000060f000000, 0x000000060f000000| Untracked 
|  50|0x000000060f400000, 0x000000060f5ccd48, 0x000000060f800000| 45%| E|  |TAMS 0x000000060f400000, 0x000000060f400000| Complete 
|  51|0x000000060f800000, 0x000000060fc00000, 0x000000060fc00000|100%| E|CS|TAMS 0x000000060f800000, 0x000000060f800000| Complete 
|  52|0x000000060fc00000, 0x0000000610000000, 0x0000000610000000|100%| E|CS|TAMS 0x000000060fc00000, 0x000000060fc00000| Complete 
| 130|0x0000000623400000, 0x000000062360f1c0, 0x0000000623800000| 51%| S|CS|TAMS 0x0000000623400000, 0x0000000623400000| Complete 
| 131|0x0000000623800000, 0x0000000623c00000, 0x0000000623c00000|100%| S|CS|TAMS 0x0000000623800000, 0x0000000623800000| Complete 
| 132|0x0000000623c00000, 0x0000000624000000, 0x0000000624000000|100%| S|CS|TAMS 0x0000000623c00000, 0x0000000623c00000| Complete 
| 163|0x000000062b800000, 0x000000062bc00000, 0x000000062bc00000|100%| E|CS|TAMS 0x000000062b800000, 0x000000062b800000| Complete 

Card table byte_map: [0x00000165ce2c0000,0x00000165cf2b0000] _byte_map_base: 0x00000165cb2aa000

Marking Bits (Prev, Next): (CMBitMap*) 0x00000165b67832a0, (CMBitMap*) 0x00000165b6783260
 Prev Bits: [0x00000165d81f0000, 0x00000165e0140000)
 Next Bits: [0x00000165d02a0000, 0x00000165d81f0000)

Polling page: 0x00000165b5eb0000

Metaspace:

Usage:
  Non-class:     20.52 MB used.
      Class:      3.05 MB used.
       Both:     23.57 MB used.

Virtual space:
  Non-class space:       64.00 MB reserved,      20.69 MB ( 32%) committed,  1 nodes.
      Class space:        1.00 GB reserved,       3.19 MB ( <1%) committed,  1 nodes.
             Both:        1.06 GB reserved,      23.88 MB (  2%) committed. 

Chunk freelists:
   Non-Class:  11.06 MB
       Class:  12.62 MB
        Both:  23.69 MB

MaxMetaspaceSize: unlimited
CompressedClassSpaceSize: 1.00 GB
Initial GC threshold: 21.00 MB
Current GC threshold: 35.25 MB
CDS: on
MetaspaceReclaimPolicy: balanced
 - commit_granule_bytes: 65536.
 - commit_granule_words: 8192.
 - virtual_space_node_default_size: 8388608.
 - enlarge_chunks_in_place: 1.
 - new_chunks_are_fully_committed: 0.
 - uncommit_free_chunks: 1.
 - use_allocation_guard: 0.
 - handle_deallocations: 1.


Internal statistics:

num_allocs_failed_limit: 3.
num_arena_births: 326.
num_arena_deaths: 0.
num_vsnodes_births: 2.
num_vsnodes_deaths: 0.
num_space_committed: 381.
num_space_uncommitted: 0.
num_chunks_returned_to_freelist: 3.
num_chunks_taken_from_freelist: 1129.
num_chunk_merges: 3.
num_chunk_splits: 742.
num_chunks_enlarged: 536.
num_inconsistent_stats: 0.

CodeHeap 'non-profiled nmethods': size=120000Kb used=2827Kb max_used=2827Kb free=117172Kb
 bounds [0x00000165c5a70000, 0x00000165c5d40000, 0x00000165ccfa0000]
CodeHeap 'profiled nmethods': size=120000Kb used=7467Kb max_used=7467Kb free=112532Kb
 bounds [0x00000165bdfa0000, 0x00000165be6f0000, 0x00000165c54d0000]
CodeHeap 'non-nmethods': size=5760Kb used=1217Kb max_used=1326Kb free=4542Kb
 bounds [0x00000165c54d0000, 0x00000165c5740000, 0x00000165c5a70000]
 total_blobs=4490 nmethods=3970 adapters=432
 compilation: enabled
              stopped_count=0, restarted_count=0
 full_count=0

Compilation events (20 events):
Event: 11.726 Thread 0x00000165e2beb320 nmethod 3861 0x00000165be6c6510 code [0x00000165be6c66a0, 0x00000165be6c67d8]
Event: 11.727 Thread 0x00000165e2beb320 3862       3       jdk.internal.reflect.ClassFileAssembler::emitConstantPoolClass (23 bytes)
Event: 11.727 Thread 0x00000165e2beb320 nmethod 3862 0x00000165be6c6890 code [0x00000165be6c6a80, 0x00000165be6c6ee8]
Event: 11.727 Thread 0x00000165e2beb320 3863       3       jdk.internal.reflect.ClassFileAssembler::incStack (11 bytes)
Event: 11.728 Thread 0x00000165e2beb320 nmethod 3863 0x00000165be6c7190 code [0x00000165be6c7320, 0x00000165be6c74d8]
Event: 11.728 Thread 0x00000165e2beb320 3864       3       apex.jorje.lsp.impl.db.nddb.NdApexType::getFile (5 bytes)
Event: 11.728 Thread 0x00000165e2beb320 nmethod 3864 0x00000165be6c7590 code [0x00000165be6c7740, 0x00000165be6c7a08]
Event: 11.728 Thread 0x00000165e2beb320 3865       3       apex.jorje.lsp.impl.db.nddb.NdApexType::getFile (18 bytes)
Event: 11.728 Thread 0x00000165e2beb320 nmethod 3865 0x00000165be6c7b10 code [0x00000165be6c7cc0, 0x00000165be6c7f28]
Event: 11.728 Thread 0x00000165e2beb320 3867       3       apex.common.collect.AbstractHashedMap::get (67 bytes)
Event: 11.729 Thread 0x00000165e2beb320 nmethod 3867 0x00000165be6c8010 code [0x00000165be6c8200, 0x00000165be6c88b8]
Event: 11.729 Thread 0x00000165e2beb320 3868       3       org.eclipse.jdt.internal.core.nd.RawGrowableArray::size (93 bytes)
Event: 11.729 Thread 0x00000165e2bea870 nmethod 3837 0x00000165c5d28810 code [0x00000165c5d289c0, 0x00000165c5d292b8]
Event: 11.729 Thread 0x00000165e2bea870 3830       4       java.util.HashMap::<init> (8 bytes)
Event: 11.730 Thread 0x00000165e2beb320 nmethod 3868 0x00000165be6c8a90 code [0x00000165be6c8ca0, 0x00000165be6c9238]
Event: 11.730 Thread 0x00000165e2beb320 3872       3       java.util.HashMap::getNode (150 bytes)
Event: 11.731 Thread 0x00000165e2bea870 nmethod 3830 0x00000165c5d29610 code [0x00000165c5d29780, 0x00000165c5d29858]
Event: 11.731 Thread 0x00000165e2bea870 3828       4       java.util.regex.Pattern::peek (26 bytes)
Event: 11.731 Thread 0x00000165e2beb320 nmethod 3872 0x00000165be6c9510 code [0x00000165be6c9740, 0x00000165be6ca338]
Event: 11.731 Thread 0x00000165e2beb320 3869       3       java.util.stream.AbstractPipeline::sourceSpliterator (265 bytes)

GC Heap History (12 events):
Event: 0.184 GC heap before
{Heap before GC invocations=0 (full 0):
 garbage-first heap   total 524288K, used 20480K [0x0000000602c00000, 0x0000000800000000)
  region size 4096K, 6 young (24576K), 0 survivors (0K)
 Metaspace       used 277K, committed 384K, reserved 1114112K
  class space    used 14K, committed 64K, reserved 1048576K
}
Event: 0.189 GC heap after
{Heap after GC invocations=1 (full 0):
 garbage-first heap   total 524288K, used 11880K [0x0000000602c00000, 0x0000000800000000)
  region size 4096K, 1 young (4096K), 1 survivors (4096K)
 Metaspace       used 277K, committed 384K, reserved 1114112K
  class space    used 14K, committed 64K, reserved 1048576K
}
Event: 0.327 GC heap before
{Heap before GC invocations=1 (full 0):
 garbage-first heap   total 524288K, used 28264K [0x0000000602c00000, 0x0000000800000000)
  region size 4096K, 6 young (24576K), 1 survivors (4096K)
 Metaspace       used 1711K, committed 1920K, reserved 1114112K
  class space    used 160K, committed 256K, reserved 1048576K
}
Event: 0.334 GC heap after
{Heap after GC invocations=2 (full 0):
 garbage-first heap   total 524288K, used 27627K [0x0000000602c00000, 0x0000000800000000)
  region size 4096K, 1 young (4096K), 1 survivors (4096K)
 Metaspace       used 1711K, committed 1920K, reserved 1114112K
  class space    used 160K, committed 256K, reserved 1048576K
}
Event: 0.507 GC heap before
{Heap before GC invocations=2 (full 0):
 garbage-first heap   total 524288K, used 44011K [0x0000000602c00000, 0x0000000800000000)
  region size 4096K, 6 young (24576K), 1 survivors (4096K)
 Metaspace       used 2659K, committed 2816K, reserved 1114112K
  class space    used 256K, committed 320K, reserved 1048576K
}
Event: 0.513 GC heap after
{Heap after GC invocations=3 (full 0):
 garbage-first heap   total 524288K, used 37434K [0x0000000602c00000, 0x0000000800000000)
  region size 4096K, 1 young (4096K), 1 survivors (4096K)
 Metaspace       used 2659K, committed 2816K, reserved 1114112K
  class space    used 256K, committed 320K, reserved 1048576K
}
Event: 0.708 GC heap before
{Heap before GC invocations=3 (full 0):
 garbage-first heap   total 524288K, used 66106K [0x0000000602c00000, 0x0000000800000000)
  region size 4096K, 9 young (36864K), 1 survivors (4096K)
 Metaspace       used 3720K, committed 3904K, reserved 1114112K
  class space    used 371K, committed 448K, reserved 1048576K
}
Event: 0.713 GC heap after
{Heap after GC invocations=4 (full 0):
 garbage-first heap   total 524288K, used 46437K [0x0000000602c00000, 0x0000000800000000)
  region size 4096K, 2 young (8192K), 2 survivors (8192K)
 Metaspace       used 3720K, committed 3904K, reserved 1114112K
  class space    used 371K, committed 448K, reserved 1048576K
}
Event: 10.066 GC heap before
{Heap before GC invocations=4 (full 0):
 garbage-first heap   total 524288K, used 345445K [0x0000000602c00000, 0x0000000800000000)
  region size 4096K, 76 young (311296K), 2 survivors (8192K)
 Metaspace       used 19420K, committed 19712K, reserved 1114112K
  class space    used 2468K, committed 2624K, reserved 1048576K
}
Event: 10.096 GC heap after
{Heap after GC invocations=5 (full 0):
 garbage-first heap   total 671744K, used 68626K [0x0000000602c00000, 0x0000000800000000)
  region size 4096K, 8 young (32768K), 8 survivors (32768K)
 Metaspace       used 19420K, committed 19712K, reserved 1114112K
  class space    used 2468K, committed 2624K, reserved 1048576K
}
Event: 11.368 GC heap before
{Heap before GC invocations=5 (full 0):
 garbage-first heap   total 671744K, used 187410K [0x0000000602c00000, 0x0000000800000000)
  region size 4096K, 39 young (159744K), 8 survivors (32768K)
 Metaspace       used 21244K, committed 21504K, reserved 1114112K
  class space    used 2674K, committed 2816K, reserved 1048576K
}
Event: 11.380 GC heap after
{Heap after GC invocations=6 (full 0):
 garbage-first heap   total 671744K, used 66062K [0x0000000602c00000, 0x0000000800000000)
  region size 4096K, 3 young (12288K), 3 survivors (12288K)
 Metaspace       used 21244K, committed 21504K, reserved 1114112K
  class space    used 2674K, committed 2816K, reserved 1048576K
}

Deoptimization events (20 events):
Event: 11.715 Thread 0x00000166284a7460 Uncommon trap: trap_request=0xffffff45 fr.pc=0x00000165c5c9a818 relative=0x0000000000000258
Event: 11.715 Thread 0x00000166284a7460 Uncommon trap: reason=unstable_if action=reinterpret pc=0x00000165c5c9a818 method=org.eclipse.jdt.internal.core.nd.RawGrowableArray.size(Lorg/eclipse/jdt/internal/core/nd/Nd;J)I @ 20 c2
Event: 11.715 Thread 0x00000166284a7460 DEOPT PACKING pc=0x00000165c5c9a818 sp=0x0000000ac28fd500
Event: 11.715 Thread 0x00000166284a7460 DEOPT UNPACKING pc=0x00000165c55223a3 sp=0x0000000ac28fd3f8 mode 2
Event: 11.715 Thread 0x00000166284a7460 Uncommon trap: trap_request=0xffffff45 fr.pc=0x00000165c5c877e0 relative=0x0000000000000220
Event: 11.715 Thread 0x00000166284a7460 Uncommon trap: reason=unstable_if action=reinterpret pc=0x00000165c5c877e0 method=org.eclipse.jdt.internal.core.nd.RawGrowableArray.size(Lorg/eclipse/jdt/internal/core/nd/Nd;J)I @ 20 c2
Event: 11.715 Thread 0x00000166284a7460 DEOPT PACKING pc=0x00000165c5c877e0 sp=0x0000000ac28fd400
Event: 11.715 Thread 0x00000166284a7460 DEOPT UNPACKING pc=0x00000165c55223a3 sp=0x0000000ac28fd370 mode 2
Event: 11.716 Thread 0x00000166284a7460 Uncommon trap: trap_request=0xffffff45 fr.pc=0x00000165c5cc13cc relative=0x00000000000012cc
Event: 11.716 Thread 0x00000166284a7460 Uncommon trap: reason=unstable_if action=reinterpret pc=0x00000165c5cc13cc method=org.eclipse.jdt.internal.core.nd.RawGrowableArray.size(Lorg/eclipse/jdt/internal/core/nd/Nd;J)I @ 20 c2
Event: 11.716 Thread 0x00000166284a7460 DEOPT PACKING pc=0x00000165c5cc13cc sp=0x0000000ac28fc070
Event: 11.716 Thread 0x00000166284a7460 DEOPT UNPACKING pc=0x00000165c55223a3 sp=0x0000000ac28fbed0 mode 2
Event: 11.720 Thread 0x00000166284a7460 Uncommon trap: trap_request=0xffffff45 fr.pc=0x00000165c5afa2ac relative=0x000000000000018c
Event: 11.720 Thread 0x00000166284a7460 Uncommon trap: reason=unstable_if action=reinterpret pc=0x00000165c5afa2ac method=java.util.HashMap.getNode(Ljava/lang/Object;)Ljava/util/HashMap$Node; @ 66 c2
Event: 11.720 Thread 0x00000166284a7460 DEOPT PACKING pc=0x00000165c5afa2ac sp=0x0000000ac28fd2a0
Event: 11.720 Thread 0x00000166284a7460 DEOPT UNPACKING pc=0x00000165c55223a3 sp=0x0000000ac28fd210 mode 2
Event: 11.720 Thread 0x00000166284a7460 Uncommon trap: trap_request=0xffffffde fr.pc=0x00000165c5d26f58 relative=0x0000000000000958
Event: 11.720 Thread 0x00000166284a7460 Uncommon trap: reason=class_check action=maybe_recompile pc=0x00000165c5d26f58 method=java.util.HashMap.putVal(ILjava/lang/Object;Ljava/lang/Object;ZZ)Ljava/lang/Object; @ 203 c2
Event: 11.720 Thread 0x00000166284a7460 DEOPT PACKING pc=0x00000165c5d26f58 sp=0x0000000ac28fd240
Event: 11.720 Thread 0x00000166284a7460 DEOPT UNPACKING pc=0x00000165c55223a3 sp=0x0000000ac28fd1e0 mode 2

Classes unloaded (0 events):
No events

Classes redefined (0 events):
No events

Internal exceptions (20 events):
Event: 10.738 Thread 0x00000166284a8390 Exception <a 'sun/nio/fs/WindowsException'{0x000000062877d228}> (0x000000062877d228) 
thrown [s\open\src\hotspot\share\prims\jni.cpp, line 516]
Event: 10.738 Thread 0x00000166284a8390 Exception <a 'sun/nio/fs/WindowsException'{0x000000062877ded8}> (0x000000062877ded8) 
thrown [s\open\src\hotspot\share\prims\jni.cpp, line 516]
Event: 10.738 Thread 0x00000166284a8390 Exception <a 'sun/nio/fs/WindowsException'{0x000000062877e168}> (0x000000062877e168) 
thrown [s\open\src\hotspot\share\prims\jni.cpp, line 516]
Event: 10.743 Thread 0x00000166284a8390 Exception <a 'java/lang/NoSuchMethodError'{0x000000062878e8b0}: 'void java.lang.invoke.DirectMethodHandle$Holder.invokeStatic(java.lang.Object, java.lang.Object, java.lang.Object, java.lang.Object, java.lang.Object, java.lang.Object)'> (0x000000062878e8b0) 
thrown [s\open\src\hotspot\share\interpreter\linkResolver.cpp, line 759]
Event: 10.747 Thread 0x00000166284a8390 Exception <a 'java/lang/IncompatibleClassChangeError'{0x000000062879a5c8}: Found class java.lang.Object, but interface was expected> (0x000000062879a5c8) 
thrown [s\open\src\hotspot\share\interpreter\linkResolver.cpp, line 826]
Event: 10.884 Thread 0x00000166284a8390 Exception <a 'java/lang/NoSuchMethodError'{0x0000000627775378}: 'void java.lang.invoke.DirectMethodHandle$Holder.invokeInterface(java.lang.Object, java.lang.Object, java.lang.Object)'> (0x0000000627775378) 
thrown [s\open\src\hotspot\share\interpreter\linkResolver.cpp, line 759]
Event: 11.166 Thread 0x0000016629230be0 Implicit null exception at 0x00000165c5bd8bd7 to 0x00000165c5bd92dc
Event: 11.167 Thread 0x0000016629230be0 Exception <a 'sun/nio/fs/WindowsException'{0x000000062550d028}> (0x000000062550d028) 
thrown [s\open\src\hotspot\share\prims\jni.cpp, line 516]
Event: 11.167 Thread 0x0000016629230be0 Exception <a 'sun/nio/fs/WindowsException'{0x000000062550d270}> (0x000000062550d270) 
thrown [s\open\src\hotspot\share\prims\jni.cpp, line 516]
Event: 11.198 Thread 0x00000166284a7460 Exception <a 'java/lang/NoSuchMethodError'{0x000000062573ceb0}: 'java.lang.Object java.lang.invoke.DirectMethodHandle$Holder.invokeStaticInit(java.lang.Object, java.lang.Object, java.lang.Object, java.lang.Object)'> (0x000000062573ceb0) 
thrown [s\open\src\hotspot\share\interpreter\linkResolver.cpp, line 759]
Event: 11.330 Thread 0x00000166284a7460 Exception <a 'java/lang/NoSuchMethodError'{0x000000062467e9b0}: 'java.lang.Object java.lang.invoke.DirectMethodHandle$Holder.invokeSpecial(java.lang.Object, java.lang.Object, long, java.lang.Object, int, int, int, int, long)'> (0x000000062467e9b0) 
thrown [s\open\src\hotspot\share\interpreter\linkResolver.cpp, line 759]
Event: 11.330 Thread 0x00000166284a7460 Exception <a 'java/lang/NoSuchMethodError'{0x00000006246825d0}: 'java.lang.Object java.lang.invoke.DelegatingMethodHandle$Holder.reinvoke_L(java.lang.Object, long, java.lang.Object, int, int, int, int, long)'> (0x00000006246825d0) 
thrown [s\open\src\hotspot\share\interpreter\linkResolver.cpp, line 759]
Event: 11.337 Thread 0x00000166284a7460 Exception <a 'java/lang/ClassNotFoundException'{0x00000006246a7cc8}: sun/util/logging/resources/spi/loggingProvider> (0x00000006246a7cc8) 
thrown [s\open\src\hotspot\share\classfile\systemDictionary.cpp, line 256]
Event: 11.564 Thread 0x00000166284a7460 Exception <a 'java/lang/NoSuchMethodError'{0x000000060fc0b410}: 'int java.lang.invoke.DirectMethodHandle$Holder.invokeVirtual(java.lang.Object, java.lang.Object, java.lang.Object)'> (0x000000060fc0b410) 
thrown [s\open\src\hotspot\share\interpreter\linkResolver.cpp, line 759]
Event: 11.619 Thread 0x00000166284a7460 Exception <a 'java/lang/NoSuchMethodError'{0x000000060ff05268}: 'java.lang.Object java.lang.invoke.DelegatingMethodHandle$Holder.reinvoke_L(java.lang.Object, java.lang.Object, long, java.lang.Object, java.lang.Object, java.lang.Object, java.lang.Object, java.lang.Object, java.lang.Object, java.lang.Object, java.lang.Object, java.lang.Object, java.lang.Object, java.lang.Object, java.lang.Object, java.lang.Object)'> (0x000000060ff05268) 
thrown [s\open\src\hotspot\share\interpreter\linkResolver.cpp, line 759
Event: 11.623 Thread 0x00000166284a7460 Exception <a 'java/lang/NoSuchMethodError'{0x000000060ff4c738}: 'java.lang.Object java.lang.invoke.DirectMethodHandle$Holder.invokeSpecial(java.lang.Object, java.lang.Object, long, java.lang.Object, java.lang.Object, java.lang.Object, java.lang.Object, java.lang.Object, java.lang.Object, java.lang.Object, java.lang.Object, java.lang.Object, java.lang.Object, java.lang.Object, java.lang.Object, java.lang.Object)'> (0x000000060ff4c738) 
thrown [s\open\src\hotspot\share\interpreter\linkResolver.cpp, line 759]
Event: 11.624 Thread 0x00000166284a7460 Exception <a 'java/lang/NoSuchMethodError'{0x000000060ff51778}: 'java.lang.Object java.lang.invoke.DelegatingMethodHandle$Holder.reinvoke_L(java.lang.Object, long, java.lang.Object, java.lang.Object, java.lang.Object, java.lang.Object, java.lang.Object, java.lang.Object, java.lang.Object, java.lang.Object, java.lang.Object, java.lang.Object, java.lang.Object, java.lang.Object, java.lang.Object)'> (0x000000060ff51778) 
thrown [s\open\src\hotspot\share\interpreter\linkResolver.cpp, line 759]
Event: 11.625 Thread 0x00000166284a7460 Exception <a 'java/lang/NoSuchMethodError'{0x000000060ff6b458}: 'java.lang.Object java.lang.invoke.DirectMethodHandle$Holder.invokeSpecial(java.lang.Object, java.lang.Object, java.lang.Object, java.lang.Object, java.lang.Object, java.lang.Object, java.lang.Object, java.lang.Object, java.lang.Object, java.lang.Object, java.lang.Object, java.lang.Object, java.lang.Object, java.lang.Object, java.lang.Object)'> (0x000000060ff6b458) 
thrown [s\open\src\hotspot\share\interpreter\linkResolver.cpp, line 759]
Event: 11.626 Thread 0x00000166284a7460 Exception <a 'java/lang/NoSuchMethodError'{0x000000060ff709a0}: 'java.lang.Object java.lang.invoke.Invokers$Holder.linkToTargetMethod(java.lang.Object, java.lang.Object, java.lang.Object, java.lang.Object, java.lang.Object, java.lang.Object, java.lang.Object, java.lang.Object, java.lang.Object, java.lang.Object, java.lang.Object, java.lang.Object, java.lang.Object, java.lang.Object)'> (0x000000060ff709a0) 
thrown [s\open\src\hotspot\share\interpreter\linkResolver.cpp, line 759]
Event: 11.690 Thread 0x00000166284a7460 Exception <a 'java/lang/NoSuchMethodError'{0x000000060f9bec40}: 'void java.lang.invoke.DirectMethodHandle$Holder.invokeSpecial(java.lang.Object, java.lang.Object, java.lang.Object, java.lang.Object, java.lang.Object)'> (0x000000060f9bec40) 
thrown [s\open\src\hotspot\share\interpreter\linkResolver.cpp, line 759]

VM Operations (20 events):
Event: 10.750 Executing VM operation: HandshakeAllThreads
Event: 10.750 Executing VM operation: HandshakeAllThreads done
Event: 10.970 Executing VM operation: HandshakeAllThreads
Event: 10.970 Executing VM operation: HandshakeAllThreads done
Event: 11.009 Executing VM operation: HandshakeAllThreads
Event: 11.009 Executing VM operation: HandshakeAllThreads done
Event: 11.071 Executing VM operation: HandshakeAllThreads
Event: 11.071 Executing VM operation: HandshakeAllThreads done
Event: 11.206 Executing VM operation: HandshakeAllThreads
Event: 11.206 Executing VM operation: HandshakeAllThreads done
Event: 11.206 Executing VM operation: Cleanup
Event: 11.207 Executing VM operation: Cleanup done
Event: 11.368 Executing VM operation: CollectForMetadataAllocation
Event: 11.380 Executing VM operation: CollectForMetadataAllocation done
Event: 11.410 Executing VM operation: G1Concurrent
Event: 11.461 Executing VM operation: G1Concurrent done
Event: 11.483 Executing VM operation: G1Concurrent
Event: 11.483 Executing VM operation: G1Concurrent done
Event: 11.689 Executing VM operation: HandshakeAllThreads
Event: 11.689 Executing VM operation: HandshakeAllThreads done

Events (20 events):
Event: 11.339 loading class java/util/Formatter$DateTime
Event: 11.339 loading class java/util/Formatter$DateTime done
Event: 11.344 loading class sun/util/resources/LocaleData$CommonResourceBundleProvider
Event: 11.344 loading class sun/util/resources/LocaleData$LocaleDataResourceBundleProvider
Event: 11.344 loading class java/util/spi/ResourceBundleProvider
Event: 11.344 loading class java/util/spi/ResourceBundleProvider done
Event: 11.344 loading class sun/util/resources/LocaleData$LocaleDataResourceBundleProvider done
Event: 11.344 loading class sun/util/resources/LocaleData$CommonResourceBundleProvider done
Event: 11.346 loading class sun/util/resources/Bundles$2
Event: 11.346 loading class sun/util/resources/Bundles$2 done
Event: 11.638 loading class java/util/zip/GZIPOutputStream
Event: 11.638 loading class java/util/zip/GZIPOutputStream done
Event: 11.665 loading class java/lang/ConditionalSpecialCasing
Event: 11.665 loading class java/lang/ConditionalSpecialCasing done
Event: 11.665 loading class java/lang/ConditionalSpecialCasing$Entry
Event: 11.665 loading class java/lang/ConditionalSpecialCasing$Entry done
Event: 11.722 loading class java/text/MessageFormat
Event: 11.723 loading class java/text/MessageFormat done
Event: 11.724 loading class java/text/MessageFormat$Field
Event: 11.725 loading class java/text/MessageFormat$Field done


Dynamic libraries:
0x00007ff68c5e0000 - 0x00007ff68c5f0000 	C:\Program Files\Java\jdk-17\bin\java.exe
0x00007ffa771f0000 - 0x00007ffa773e8000 	C:\WINDOWS\SYSTEM32\ntdll.dll
0x00007ffa76c30000 - 0x00007ffa76cf2000 	C:\WINDOWS\System32\KERNEL32.DLL
0x00007ffa74c60000 - 0x00007ffa74f5e000 	C:\WINDOWS\System32\KERNELBASE.dll
0x00007ffa74ac0000 - 0x00007ffa74bc0000 	C:\WINDOWS\System32\ucrtbase.dll
0x00007ffa64740000 - 0x00007ffa6475b000 	C:\Program Files\Java\jdk-17\bin\VCRUNTIME140.dll
0x00007ffa3ef20000 - 0x00007ffa3ef39000 	C:\Program Files\Java\jdk-17\bin\jli.dll
0x00007ffa75210000 - 0x00007ffa752c1000 	C:\WINDOWS\System32\ADVAPI32.dll
0x00007ffa75b50000 - 0x00007ffa75bee000 	C:\WINDOWS\System32\msvcrt.dll
0x00007ffa769d0000 - 0x00007ffa76a6f000 	C:\WINDOWS\System32\sechost.dll
0x00007ffa75500000 - 0x00007ffa75623000 	C:\WINDOWS\System32\RPCRT4.dll
0x00007ffa74a60000 - 0x00007ffa74a87000 	C:\WINDOWS\System32\bcrypt.dll
0x00007ffa752d0000 - 0x00007ffa7546d000 	C:\WINDOWS\System32\USER32.dll
0x00007ffa5cde0000 - 0x00007ffa5d07a000 	C:\WINDOWS\WinSxS\amd64_microsoft.windows.common-controls_6595b64144ccf1df_6.0.19041.4355_none_60b8b9eb71f62e16\COMCTL32.dll
0x00007ffa74a90000 - 0x00007ffa74ab2000 	C:\WINDOWS\System32\win32u.dll
0x00007ffa76f30000 - 0x00007ffa76f5b000 	C:\WINDOWS\System32\GDI32.dll
0x00007ffa74940000 - 0x00007ffa74a57000 	C:\WINDOWS\System32\gdi32full.dll
0x00007ffa74bc0000 - 0x00007ffa74c5d000 	C:\WINDOWS\System32\msvcp_win.dll
0x00007ffa684c0000 - 0x00007ffa684ca000 	C:\WINDOWS\SYSTEM32\VERSION.dll
0x00007ffa76f00000 - 0x00007ffa76f2f000 	C:\WINDOWS\System32\IMM32.DLL
0x00007ffa64270000 - 0x00007ffa6427c000 	C:\Program Files\Java\jdk-17\bin\vcruntime140_1.dll
0x00007ff9fe8a0000 - 0x00007ff9fe92e000 	C:\Program Files\Java\jdk-17\bin\msvcp140.dll
0x00007ff9f9df0000 - 0x00007ff9fa9d0000 	C:\Program Files\Java\jdk-17\bin\server\jvm.dll
0x00007ffa75b40000 - 0x00007ffa75b48000 	C:\WINDOWS\System32\PSAPI.DLL
0x00007ffa500e0000 - 0x00007ffa500e9000 	C:\WINDOWS\SYSTEM32\WSOCK32.dll
0x00007ffa4b6e0000 - 0x00007ffa4b707000 	C:\WINDOWS\SYSTEM32\WINMM.dll
0x00007ffa75470000 - 0x00007ffa754db000 	C:\WINDOWS\System32\WS2_32.dll
0x00007ffa72dc0000 - 0x00007ffa72dd2000 	C:\WINDOWS\SYSTEM32\kernel.appcore.dll
0x00007ffa41450000 - 0x00007ffa4145a000 	C:\Program Files\Java\jdk-17\bin\jimage.dll
0x00007ffa6f160000 - 0x00007ffa6f344000 	C:\WINDOWS\SYSTEM32\DBGHELP.DLL
0x00007ffa50be0000 - 0x00007ffa50c14000 	C:\WINDOWS\SYSTEM32\dbgcore.DLL
0x00007ffa74f60000 - 0x00007ffa74fe2000 	C:\WINDOWS\System32\bcryptPrimitives.dll
0x00007ff9fe870000 - 0x00007ff9fe895000 	C:\Program Files\Java\jdk-17\bin\java.dll
0x00007ff9fe630000 - 0x00007ff9fe707000 	C:\Program Files\Java\jdk-17\bin\jsvml.dll
0x00007ffa75bf0000 - 0x00007ffa7635d000 	C:\WINDOWS\System32\SHELL32.dll
0x00007ffa72600000 - 0x00007ffa72da4000 	C:\WINDOWS\SYSTEM32\windows.storage.dll
0x00007ffa757e0000 - 0x00007ffa75b33000 	C:\WINDOWS\System32\combase.dll
0x00007ffa742c0000 - 0x00007ffa742ee000 	C:\WINDOWS\SYSTEM32\Wldp.dll
0x00007ffa76b60000 - 0x00007ffa76c2d000 	C:\WINDOWS\System32\OLEAUT32.dll
0x00007ffa77100000 - 0x00007ffa771ad000 	C:\WINDOWS\System32\SHCORE.dll
0x00007ffa76410000 - 0x00007ffa76465000 	C:\WINDOWS\System32\shlwapi.dll
0x00007ffa747c0000 - 0x00007ffa747e4000 	C:\WINDOWS\SYSTEM32\profapi.dll
0x00007ffa3dc40000 - 0x00007ffa3dc59000 	C:\Program Files\Java\jdk-17\bin\net.dll
0x00007ffa73850000 - 0x00007ffa7395d000 	C:\WINDOWS\SYSTEM32\WINHTTP.dll
0x00007ffa74020000 - 0x00007ffa7408a000 	C:\WINDOWS\system32\mswsock.dll
0x00007ffa2a060000 - 0x00007ffa2a076000 	C:\Program Files\Java\jdk-17\bin\nio.dll
0x00007ffa2a010000 - 0x00007ffa2a028000 	C:\Program Files\Java\jdk-17\bin\zip.dll
0x00007ffa5fad0000 - 0x00007ffa5fae0000 	C:\Program Files\Java\jdk-17\bin\verify.dll
0x00007ffa5fac0000 - 0x00007ffa5faca000 	C:\Program Files\Java\jdk-17\bin\management.dll
0x00007ffa5fab0000 - 0x00007ffa5fabb000 	C:\Program Files\Java\jdk-17\bin\management_ext.dll

dbghelp: loaded successfully - version: 4.0.5 - missing functions: none
symbol engine: initialized successfully - sym options: 0x614 - pdb path: .;C:\Program Files\Java\jdk-17\bin;C:\WINDOWS\SYSTEM32;C:\WINDOWS\WinSxS\amd64_microsoft.windows.common-controls_6595b64144ccf1df_6.0.19041.4355_none_60b8b9eb71f62e16;C:\Program Files\Java\jdk-17\bin\server

VM Arguments:
jvm_args: -Ddebug.internal.errors=true -Ddebug.semantic.errors=false -Ddebug.completion.statistics=false -Dlwc.typegeneration.disabled=true 
java_command: apex.jorje.lsp.ApexLanguageServerLauncher
java_class_path (initial): c:\Users\¿¸»Ò¿Á\.vscode\extensions\salesforce.salesforcedx-vscode-apex-62.5.1\dist\apex-jorje-lsp.jar
Launcher Type: SUN_STANDARD

[Global flags]
     intx CICompilerCount                          = 4                                         {product} {ergonomic}
     uint ConcGCThreads                            = 2                                         {product} {ergonomic}
     uint G1ConcRefinementThreads                  = 8                                         {product} {ergonomic}
   size_t G1HeapRegionSize                         = 4194304                                   {product} {ergonomic}
    uintx GCDrainStackTargetSize                   = 64                                        {product} {ergonomic}
   size_t InitialHeapSize                          = 536870912                                 {product} {ergonomic}
   size_t MarkStackSize                            = 4194304                                   {product} {ergonomic}
   size_t MaxHeapSize                              = 8543797248                                {product} {ergonomic}
   size_t MaxNewSize                               = 5125439488                                {product} {ergonomic}
   size_t MinHeapDeltaBytes                        = 4194304                                   {product} {ergonomic}
   size_t MinHeapSize                              = 8388608                                   {product} {ergonomic}
    uintx NonNMethodCodeHeapSize                   = 5839372                                {pd product} {ergonomic}
    uintx NonProfiledCodeHeapSize                  = 122909434                              {pd product} {ergonomic}
    uintx ProfiledCodeHeapSize                     = 122909434                              {pd product} {ergonomic}
    uintx ReservedCodeCacheSize                    = 251658240                              {pd product} {ergonomic}
     bool SegmentedCodeCache                       = true                                      {product} {ergonomic}
   size_t SoftMaxHeapSize                          = 8543797248                             {manageable} {ergonomic}
     bool UseCompressedClassPointers               = true                           {product lp64_product} {ergonomic}
     bool UseCompressedOops                        = true                           {product lp64_product} {ergonomic}
     bool UseG1GC                                  = true                                      {product} {ergonomic}
     bool UseLargePagesIndividualAllocation        = false                                  {pd product} {ergonomic}

Logging:
Log output configuration:
 #0: stdout all=warning uptime,level,tags
 #1: stderr all=off uptime,level,tags

Environment Variables:
PATH=C:\Python312\Scripts\;C:\Python312\;C:\Program Files\Common Files\Oracle\Java\javapath;C:\Program Files (x86)\Common Files\Oracle\Java\java8path;C:\Program Files (x86)\Common Files\Oracle\Java\javapath;C:\WINDOWS\system32;C:\WINDOWS;C:\WINDOWS\System32\Wbem;C:\WINDOWS\System32\WindowsPowerShell\v1.0\;C:\WINDOWS\System32\OpenSSH\;C:\Program Files\nodejs\;C:\ProgramData\chocolatey\bin;C:\Program Files\Git\cmd;C:\Users\¿¸»Ò¿Á\AppData\Local\Microsoft\WindowsApps;C:\Users\¿¸»Ò¿Á\AppData\Local\Programs\Microsoft VS Code\bin;C:\Program Files\sf\bin;C:\Users\¿¸»Ò¿Á\AppData\Roaming\npm
USERNAME=¿¸»Ò¿Á
OS=Windows_NT
PROCESSOR_IDENTIFIER=Intel64 Family 6 Model 142 Stepping 12, GenuineIntel



---------------  S Y S T E M  ---------------

OS:
 Windows 10 , 64 bit Build 19041 (10.0.19041.5072)
OS uptime: 5 days 0:48 hours

CPU: total 8 (initial active 8) (4 cores per cpu, 2 threads per core) family 6 model 142 stepping 12 microcode 0xc6, cx8, cmov, fxsr, ht, mmx, 3dnowpref, sse, sse2, sse3, ssse3, sse4.1, sse4.2, popcnt, lzcnt, tsc, tscinvbit, avx, avx2, aes, erms, clmul, bmi1, bmi2, adx, fma, vzeroupper, clflush, clflushopt

Memory: 4k page, system-wide physical 32582M (21036M free)
TotalPageFile size 37446M (AvailPageFile size 24502M)
current process WorkingSet (physical memory assigned to process): 224M, peak: 623M
current process commit charge ("private bytes"): 398M, peak: 847M

vm_info: Java HotSpot(TM) 64-Bit Server VM (17.0.12+8-LTS-286) for windows-amd64 JRE (17.0.12+8-LTS-286), built on Jun  5 2024 06:46:59 by "mach5one" with MS VC++ 17.6 (VS2022)

END.
